<?xml version="1.0" encoding="UTF-8"?>
<robot generator="Robot 6.0.2 (Python 3.10.7 on win32)" generated="20230502 19:26:26.596" rpa="true" schemaversion="3">
<suite id="s1" name="Teszt" source="E:\SzekelyBalazsSZOFT_I1E\teszteles\cars\teszt">
<suite id="s1-s1" name="CRUD" source="E:\SzekelyBalazsSZOFT_I1E\teszteles\cars\teszt\CRUD.robot">
<test id="s1-s1-t1" name="Open Site" line="6">
<kw name="Open Browser" library="SeleniumLibrary">
<arg>${url}</arg>
<arg>Chrome</arg>
<arg>options=add_experimental_option("detach", True)</arg>
<doc>Opens a new browser instance to the optional ``url``.</doc>
<msg timestamp="20230502 19:26:26.935" level="INFO">Opening browser 'Chrome' to base url 'http://localhost:4200/'.</msg>
<msg timestamp="20230502 19:26:26.957" level="INFO">Executing: C:\Python310\lib\site-packages\selenium\webdriver\common\windows\selenium-manager.exe --browser chrome --output json</msg>
<status status="PASS" starttime="20230502 19:26:26.934" endtime="20230502 19:26:28.705"/>
</kw>
<kw name="Sleep" library="BuiltIn">
<arg>2s</arg>
<doc>Pauses the test executed for the given time.</doc>
<msg timestamp="20230502 19:26:30.716" level="INFO">Slept 2 seconds</msg>
<status status="PASS" starttime="20230502 19:26:28.706" endtime="20230502 19:26:30.717"/>
</kw>
<kw name="Page Should Contain" library="SeleniumLibrary">
<arg>Navbar</arg>
<doc>Verifies that current page contains ``text``.</doc>
<msg timestamp="20230502 19:26:30.743" level="INFO">Current page contains text 'Navbar'.</msg>
<status status="PASS" starttime="20230502 19:26:30.720" endtime="20230502 19:26:30.744"/>
</kw>
<kw name="Page Should Contain Element" library="SeleniumLibrary">
<arg>xpath:/html/body/app-root/div/app-autok-lista/div[2]/div[5]/button</arg>
<doc>Verifies that element ``locator`` is found on the current page.</doc>
<msg timestamp="20230502 19:26:30.759" level="INFO">Current page contains element 'xpath:/html/body/app-root/div/app-autok-lista/div[2]/div[5]/button'.</msg>
<status status="PASS" starttime="20230502 19:26:30.745" endtime="20230502 19:26:30.760"/>
</kw>
<status status="PASS" starttime="20230502 19:26:26.932" endtime="20230502 19:26:30.762"/>
</test>
<test id="s1-s1-t2" name="Verify Create" line="11">
<kw name="Input Text" library="SeleniumLibrary">
<arg>xpath:/html/body/app-root/div/app-autok-lista/div[2]/div[1]/input</arg>
<arg>11</arg>
<doc>Types the given ``text`` into the text field identified by ``locator``.</doc>
<msg timestamp="20230502 19:26:30.766" level="INFO">Typing text '11' into text field 'xpath:/html/body/app-root/div/app-autok-lista/div[2]/div[1]/input'.</msg>
<status status="PASS" starttime="20230502 19:26:30.765" endtime="20230502 19:26:30.885"/>
</kw>
<kw name="Input Text" library="SeleniumLibrary">
<arg>xpath:/html/body/app-root/div/app-autok-lista/div[2]/div[2]/input</arg>
<arg>Mazda</arg>
<doc>Types the given ``text`` into the text field identified by ``locator``.</doc>
<msg timestamp="20230502 19:26:30.887" level="INFO">Typing text 'Mazda' into text field 'xpath:/html/body/app-root/div/app-autok-lista/div[2]/div[2]/input'.</msg>
<status status="PASS" starttime="20230502 19:26:30.886" endtime="20230502 19:26:30.992"/>
</kw>
<kw name="Input Text" library="SeleniumLibrary">
<arg>xpath:/html/body/app-root/div/app-autok-lista/div[2]/div[3]/input</arg>
<arg>HGE-741</arg>
<doc>Types the given ``text`` into the text field identified by ``locator``.</doc>
<msg timestamp="20230502 19:26:30.994" level="INFO">Typing text 'HGE-741' into text field 'xpath:/html/body/app-root/div/app-autok-lista/div[2]/div[3]/input'.</msg>
<status status="PASS" starttime="20230502 19:26:30.993" endtime="20230502 19:26:31.109"/>
</kw>
<kw name="Input Text" library="SeleniumLibrary">
<arg>xpath:/html/body/app-root/div/app-autok-lista/div[2]/div[4]/input</arg>
<arg>Dízel</arg>
<doc>Types the given ``text`` into the text field identified by ``locator``.</doc>
<msg timestamp="20230502 19:26:31.111" level="INFO">Typing text 'Dízel' into text field 'xpath:/html/body/app-root/div/app-autok-lista/div[2]/div[4]/input'.</msg>
<status status="PASS" starttime="20230502 19:26:31.110" endtime="20230502 19:26:31.207"/>
</kw>
<kw name="Capture Page Screenshot" library="SeleniumLibrary">
<arg>beforeAddingCar.png</arg>
<doc>Takes a screenshot of the current page and embeds it into a log file.</doc>
<msg timestamp="20230502 19:26:31.347" level="INFO" html="true">&lt;/td&gt;&lt;/tr&gt;&lt;tr&gt;&lt;td colspan="3"&gt;&lt;a href="beforeAddingCar.png"&gt;&lt;img src="beforeAddingCar.png" width="800px"&gt;&lt;/a&gt;</msg>
<status status="PASS" starttime="20230502 19:26:31.207" endtime="20230502 19:26:31.347"/>
</kw>
<kw name="Get Element Count" library="SeleniumLibrary">
<var>${sor}</var>
<arg>css:div.row</arg>
<doc>Returns the number of elements matching ``locator``.</doc>
<msg timestamp="20230502 19:26:31.362" level="INFO">${sor} = 8</msg>
<status status="PASS" starttime="20230502 19:26:31.349" endtime="20230502 19:26:31.363"/>
</kw>
<kw name="Log To Console" library="BuiltIn">
<arg>Sorok száma add előtt: ${sor}</arg>
<doc>Logs the given message to the console.</doc>
<status status="PASS" starttime="20230502 19:26:31.364" endtime="20230502 19:26:31.365"/>
</kw>
<kw name="Click Button" library="SeleniumLibrary">
<arg>xpath:/html/body/app-root/div/app-autok-lista/div[2]/div[5]/button</arg>
<doc>Clicks the button identified by ``locator``.</doc>
<msg timestamp="20230502 19:26:31.367" level="INFO">Clicking button 'xpath:/html/body/app-root/div/app-autok-lista/div[2]/div[5]/button'.</msg>
<status status="PASS" starttime="20230502 19:26:31.366" endtime="20230502 19:26:31.434"/>
</kw>
<kw name="Capture Page Screenshot" library="SeleniumLibrary">
<arg>addedCar.png</arg>
<doc>Takes a screenshot of the current page and embeds it into a log file.</doc>
<msg timestamp="20230502 19:26:31.548" level="INFO" html="true">&lt;/td&gt;&lt;/tr&gt;&lt;tr&gt;&lt;td colspan="3"&gt;&lt;a href="addedCar.png"&gt;&lt;img src="addedCar.png" width="800px"&gt;&lt;/a&gt;</msg>
<status status="PASS" starttime="20230502 19:26:31.435" endtime="20230502 19:26:31.548"/>
</kw>
<kw name="Get Element Count" library="SeleniumLibrary">
<var>${sor}</var>
<arg>css:div.row</arg>
<doc>Returns the number of elements matching ``locator``.</doc>
<msg timestamp="20230502 19:26:31.558" level="INFO">${sor} = 9</msg>
<status status="PASS" starttime="20230502 19:26:31.550" endtime="20230502 19:26:31.559"/>
</kw>
<kw name="Log To Console" library="BuiltIn">
<arg>Sorok száma add után: ${sor}</arg>
<doc>Logs the given message to the console.</doc>
<status status="PASS" starttime="20230502 19:26:31.560" endtime="20230502 19:26:31.561"/>
</kw>
<status status="PASS" starttime="20230502 19:26:30.764" endtime="20230502 19:26:31.562"/>
</test>
<test id="s1-s1-t3" name="Verify Update" line="23">
<kw name="Sleep" library="BuiltIn">
<arg>3s</arg>
<doc>Pauses the test executed for the given time.</doc>
<msg timestamp="20230502 19:26:34.572" level="INFO">Slept 3 seconds</msg>
<status status="PASS" starttime="20230502 19:26:31.564" endtime="20230502 19:26:34.572"/>
</kw>
<kw name="Get Element Count" library="SeleniumLibrary">
<var>${sor}</var>
<arg>css:div.row</arg>
<doc>Returns the number of elements matching ``locator``.</doc>
<msg timestamp="20230502 19:26:34.582" level="INFO">${sor} = 9</msg>
<status status="PASS" starttime="20230502 19:26:34.573" endtime="20230502 19:26:34.583"/>
</kw>
<kw name="Input Text" library="SeleniumLibrary">
<arg>xpath:/html/body/app-root/div/app-autok-lista/div[${sor}]/div[2]/input</arg>
<arg>Citroen</arg>
<doc>Types the given ``text`` into the text field identified by ``locator``.</doc>
<msg timestamp="20230502 19:26:34.585" level="INFO">Typing text 'Citroen' into text field 'xpath:/html/body/app-root/div/app-autok-lista/div[9]/div[2]/input'.</msg>
<status status="PASS" starttime="20230502 19:26:34.584" endtime="20230502 19:26:34.689"/>
</kw>
<kw name="Input Text" library="SeleniumLibrary">
<arg>xpath:/html/body/app-root/div/app-autok-lista/div[${sor}]/div[3]/input</arg>
<arg>AA-7741</arg>
<doc>Types the given ``text`` into the text field identified by ``locator``.</doc>
<msg timestamp="20230502 19:26:34.691" level="INFO">Typing text 'AA-7741' into text field 'xpath:/html/body/app-root/div/app-autok-lista/div[9]/div[3]/input'.</msg>
<status status="PASS" starttime="20230502 19:26:34.690" endtime="20230502 19:26:34.803"/>
</kw>
<kw name="Sleep" library="BuiltIn">
<arg>3s</arg>
<doc>Pauses the test executed for the given time.</doc>
<msg timestamp="20230502 19:26:37.811" level="INFO">Slept 3 seconds</msg>
<status status="PASS" starttime="20230502 19:26:34.803" endtime="20230502 19:26:37.812"/>
</kw>
<kw name="Click Element" library="SeleniumLibrary">
<arg>xpath:/html/body/app-root/div/app-autok-lista/div[${sor}]/div[5]/button[2]</arg>
<doc>Click the element identified by ``locator``.</doc>
<msg timestamp="20230502 19:26:37.813" level="INFO">Clicking element 'xpath:/html/body/app-root/div/app-autok-lista/div[9]/div[5]/button[2]'.</msg>
<status status="PASS" starttime="20230502 19:26:37.813" endtime="20230502 19:26:37.866"/>
</kw>
<kw name="Capture Page Screenshot" library="SeleniumLibrary">
<arg>modifiedCar.png</arg>
<doc>Takes a screenshot of the current page and embeds it into a log file.</doc>
<msg timestamp="20230502 19:26:38.000" level="INFO" html="true">&lt;/td&gt;&lt;/tr&gt;&lt;tr&gt;&lt;td colspan="3"&gt;&lt;a href="modifiedCar.png"&gt;&lt;img src="modifiedCar.png" width="800px"&gt;&lt;/a&gt;</msg>
<status status="PASS" starttime="20230502 19:26:37.867" endtime="20230502 19:26:38.001"/>
</kw>
<kw name="Sleep" library="BuiltIn">
<arg>5s</arg>
<doc>Pauses the test executed for the given time.</doc>
<msg timestamp="20230502 19:26:43.011" level="INFO">Slept 5 seconds</msg>
<status status="PASS" starttime="20230502 19:26:38.002" endtime="20230502 19:26:43.013"/>
</kw>
<status status="PASS" starttime="20230502 19:26:31.563" endtime="20230502 19:26:43.015"/>
</test>
<test id="s1-s1-t4" name="Verify Delete" line="32">
<kw name="Get Element Count" library="SeleniumLibrary">
<var>${sor}</var>
<arg>css:div.row</arg>
<doc>Returns the number of elements matching ``locator``.</doc>
<msg timestamp="20230502 19:26:43.030" level="INFO">${sor} = 9</msg>
<status status="PASS" starttime="20230502 19:26:43.020" endtime="20230502 19:26:43.031"/>
</kw>
<kw name="Click Element" library="SeleniumLibrary">
<arg>xpath:/html/body/app-root/div/app-autok-lista/div[${sor}]/div[5]/button[1]</arg>
<doc>Click the element identified by ``locator``.</doc>
<msg timestamp="20230502 19:26:43.033" level="INFO">Clicking element 'xpath:/html/body/app-root/div/app-autok-lista/div[9]/div[5]/button[1]'.</msg>
<status status="PASS" starttime="20230502 19:26:43.032" endtime="20230502 19:26:43.085"/>
</kw>
<kw name="Capture Page Screenshot" library="SeleniumLibrary">
<arg>afterDelete.png</arg>
<doc>Takes a screenshot of the current page and embeds it into a log file.</doc>
<msg timestamp="20230502 19:26:43.195" level="INFO" html="true">&lt;/td&gt;&lt;/tr&gt;&lt;tr&gt;&lt;td colspan="3"&gt;&lt;a href="afterDelete.png"&gt;&lt;img src="afterDelete.png" width="800px"&gt;&lt;/a&gt;</msg>
<status status="PASS" starttime="20230502 19:26:43.086" endtime="20230502 19:26:43.196"/>
</kw>
<status status="PASS" starttime="20230502 19:26:43.019" endtime="20230502 19:26:43.197"/>
</test>
<status status="PASS" starttime="20230502 19:26:26.636" endtime="20230502 19:26:43.199"/>
</suite>
<status status="PASS" starttime="20230502 19:26:26.601" endtime="20230502 19:26:43.202"/>
</suite>
<statistics>
<total>
<stat pass="4" fail="0" skip="0">All Tasks</stat>
</total>
<tag>
</tag>
<suite>
<stat pass="4" fail="0" skip="0" id="s1" name="Teszt">Teszt</stat>
<stat pass="4" fail="0" skip="0" id="s1-s1" name="CRUD">Teszt.CRUD</stat>
</suite>
</statistics>
<errors>
</errors>
</robot>
